<?xml version="1.0" encoding="UTF-8"?>
<!-- Generated by org.testng.reporters.JUnitReportReporter -->
<testsuite hostname="LTIN511975" failures="0" tests="1" name="tests.Test2" time="1.255" errors="0" timestamp="2024-08-23T15:02:37 IST" skipped="0">
  <testcase classname="tests.Test2" name="invalid_login_test" time="1.255"/>
</testsuite> <!-- tests.Test2 -->
